<?xml version="1.0" encoding="UTF-8"?>
<!-- Generated by org.testng.reporters.JUnitReportReporter -->
<testsuite hostname="LAPTOP-UD0GH7J4" failures="0" tests="2" name="pac1.ContactTest" time="0.032" errors="0" timestamp="2024-05-17T12:46:31 IST" skipped="0">
  <testcase classname="pac1.ContactTest" name="createContactTest" time="0.016"/>
  <testcase classname="pac1.ContactTest" name="modifycontactTest" time="0.016"/>
</testsuite> <!-- pac1.ContactTest -->
