<?xml version="1.0" encoding="UTF-8"?>
<!-- Generated by org.testng.reporters.JUnitReportReporter -->
<testsuite hostname="LAPTOP-UD0GH7J4" failures="0" tests="2" name="pac2.OrgTest" time="0.000" errors="0" timestamp="2024-05-17T12:46:31 IST" skipped="0">
  <testcase classname="pac2.OrgTest" name="createOrgTest" time="0.000"/>
  <testcase classname="pac2.OrgTest" name="modifyOrgTest" time="0.000"/>
</testsuite> <!-- pac2.OrgTest -->
